<?xml version="1.0" encoding="UTF-8"?>
<!-- Generated by org.testng.reporters.JUnitReportReporter -->
<testsuite hostname="DESKTOP-E1AGTKN" failures="0" tests="6" name="Tests.LoginTest" time="35.490" errors="0" timestamp="2023-07-25T23:05:59 EET" skipped="0">
  <testcase classname="Tests.LoginTest" name="CheckLeaveinputsEmpty" time="3.091"/>
  <testcase classname="Tests.LoginTest" name="CheckLeaveUserNameEmpty" time="7.098"/>
  <testcase classname="Tests.LoginTest" name="CheckLeavePasswordEmpty" time="6.580"/>
  <testcase classname="Tests.LoginTest" name="CheckInvalidUserName" time="6.909"/>
  <testcase classname="Tests.LoginTest" name="CheckInvalidPassword" time="4.991"/>
  <testcase classname="Tests.LoginTest" name="CheckSuccessLogin" time="6.821"/>
</testsuite> <!-- Tests.LoginTest -->
