<?xml version="1.0" encoding="UTF-8"?>
<!-- Generated by org.testng.reporters.JUnitReportReporter -->
<testsuite hostname="DESKTOP-E1AGTKN" failures="0" tests="6" name="Tests.LoginTest" time="34.639" errors="0" timestamp="2023-07-23T15:03:36 EET" skipped="0">
  <testcase classname="Tests.LoginTest" name="CheckLeaveinputsEmpty" time="3.273"/>
  <testcase classname="Tests.LoginTest" name="CheckLeaveUserNameEmpty" time="5.897"/>
  <testcase classname="Tests.LoginTest" name="CheckLeavePasswordEmpty" time="6.494"/>
  <testcase classname="Tests.LoginTest" name="CheckInvalidUserName" time="5.168"/>
  <testcase classname="Tests.LoginTest" name="CheckInvalidPassword" time="5.871"/>
  <testcase classname="Tests.LoginTest" name="CheckSuccessLogin" time="7.936"/>
</testsuite> <!-- Tests.LoginTest -->
